Using pre-set license
Built from '2020.3/release' branch; Version is '2020.3.7f1 (dd97f2c94397) revision 14522354'; Using compiler version '192528614'; Build Type 'Release'
OS: 'Windows 10 Pro; OS build 18363.1556; Version 1909; 64bit' Language: 'ko' Physical Memory: 16318 MB
BatchMode: 1, IsHumanControllingUs: 0, StartBugReporterOnCrash: 0, Is64bit: 1, IsPro: 0

 COMMAND LINE ARGUMENTS:
C:\Program Files\Unity\Hub\Editor\2020.3.7f1\Editor\Unity.exe
-adb2
-batchMode
-noUpm
-name
AssetImportWorker0
-projectPath
C:/Users/acas1/Desktop/zol_zak/AI/DiceWorld
-logFile
Logs/AssetImportWorker0.log
-srvPort
51757
Successfully changed project path to: C:/Users/acas1/Desktop/zol_zak/AI/DiceWorld
C:/Users/acas1/Desktop/zol_zak/AI/DiceWorld
Using Asset Import Pipeline V2.
Refreshing native plugins compatible for Editor in 37.35 ms, found 0 plugins.
Preloading 0 native plugins for Editor in 0.00 ms.
Initialize engine version: 2020.3.7f1 (dd97f2c94397)
[Subsystems] Discovering subsystems at path C:/Program Files/Unity/Hub/Editor/2020.3.7f1/Editor/Data/Resources/UnitySubsystems
[Subsystems] Discovering subsystems at path C:/Users/acas1/Desktop/zol_zak/AI/DiceWorld/Assets
GfxDevice: creating device client; threaded=0
Direct3D:
    Version:  Direct3D 11.0 [level 11.1]
    Renderer: NVIDIA GeForce GTX 1660 SUPER (ID=0x21c4)
    Vendor:   
    VRAM:     5991 MB
    Driver:   27.21.14.5671
Initialize mono
Mono path[0] = 'C:/Program Files/Unity/Hub/Editor/2020.3.7f1/Editor/Data/Managed'
Mono path[1] = 'C:/Program Files/Unity/Hub/Editor/2020.3.7f1/Editor/Data/MonoBleedingEdge/lib/mono/unityjit'
Mono config path = 'C:/Program Files/Unity/Hub/Editor/2020.3.7f1/Editor/Data/MonoBleedingEdge/etc'
Using monoOptions --debugger-agent=transport=dt_socket,embedding=1,server=y,suspend=n,address=127.0.0.1:56464
Begin MonoManager ReloadAssembly
Registering precompiled unity dll's ...
Register platform support module: C:/Program Files/Unity/Hub/Editor/2020.3.7f1/Editor/Data/PlaybackEngines/WindowsStandaloneSupport/UnityEditor.WindowsStandalone.Extensions.dll
Registered in 0.002921 seconds.
Native extension for WindowsStandalone target not found
Refreshing native plugins compatible for Editor in 51.29 ms, found 0 plugins.
Preloading 0 native plugins for Editor in 0.00 ms.
Mono: successfully reloaded assembly
- Completed reload, in  1.553 seconds
Platform modules already initialized, skipping
Registering precompiled user dll's ...
Registered in 0.002051 seconds.
Begin MonoManager ReloadAssembly
Native extension for WindowsStandalone target not found
Refreshing native plugins compatible for Editor in 0.43 ms, found 0 plugins.
Preloading 0 native plugins for Editor in 0.00 ms.
Mono: successfully reloaded assembly
- Completed reload, in  1.117 seconds
Platform modules already initialized, skipping
========================================================================
Worker process is ready to serve import requests
Launched and connected shader compiler UnityShaderCompiler.exe after 0.08 seconds
Refreshing native plugins compatible for Editor in 0.28 ms, found 0 plugins.
Preloading 0 native plugins for Editor in 0.00 ms.
Unloading 1194 Unused Serialized files (Serialized files now loaded: 0)
System memory in use before: 136.3 MB.
System memory in use after: 136.3 MB.

Unloading 11 unused Assets to reduce memory usage. Loaded Objects now: 1646.
Total: 2.106000 ms (FindLiveObjects: 0.199700 ms CreateObjectMapping: 0.065300 ms MarkObjects: 1.730400 ms  DeleteObjects: 0.109900 ms)

========================================================================
Received Import Request.
  path: Assets/Scenes/AITest.unity
  artifactKey: Guid(c2c004c503a2d084eb876ceb756697f7) Importer(815301076,1909f56bfc062723c751e8b465ee728b)
Start importing Assets/Scenes/AITest.unity using Guid(c2c004c503a2d084eb876ceb756697f7) Importer(815301076,1909f56bfc062723c751e8b465ee728b)  -> (artifact id: 'b93fb00fd8a9c7aca0f83b0fe7696cc2') in 0.021029 seconds
  Import took 0.023458 seconds .

========================================================================
Received Prepare
Registering precompiled user dll's ...
Registered in 0.002319 seconds.
Begin MonoManager ReloadAssembly
Native extension for WindowsStandalone target not found
Refreshing native plugins compatible for Editor in 0.27 ms, found 0 plugins.
Preloading 0 native plugins for Editor in 0.00 ms.
Mono: successfully reloaded assembly
- Completed reload, in  1.038 seconds
Platform modules already initialized, skipping
Refreshing native plugins compatible for Editor in 0.28 ms, found 0 plugins.
Preloading 0 native plugins for Editor in 0.00 ms.
Unloading 1189 Unused Serialized files (Serialized files now loaded: 0)
System memory in use before: 136.2 MB.
System memory in use after: 136.3 MB.

Unloading 6 unused Assets to reduce memory usage. Loaded Objects now: 1649.
Total: 1.958100 ms (FindLiveObjects: 0.131500 ms CreateObjectMapping: 0.057900 ms MarkObjects: 1.679000 ms  DeleteObjects: 0.088800 ms)

========================================================================
Received Import Request.
  Time since last request: 1793.124111 seconds.
  path: Assets/Scenes/AITest.unity
  artifactKey: Guid(c2c004c503a2d084eb876ceb756697f7) Importer(815301076,1909f56bfc062723c751e8b465ee728b)
Start importing Assets/Scenes/AITest.unity using Guid(c2c004c503a2d084eb876ceb756697f7) Importer(815301076,1909f56bfc062723c751e8b465ee728b)  -> (artifact id: '0315fa788a7503374d0d5320d46de7c4') in 0.023291 seconds
  Import took 0.026863 seconds .

========================================================================
Received Prepare
Registering precompiled user dll's ...
Registered in 0.006222 seconds.
Begin MonoManager ReloadAssembly
Native extension for WindowsStandalone target not found
Refreshing native plugins compatible for Editor in 0.29 ms, found 0 plugins.
Preloading 0 native plugins for Editor in 0.00 ms.
Mono: successfully reloaded assembly
- Completed reload, in  1.797 seconds
Platform modules already initialized, skipping
Refreshing native plugins compatible for Editor in 0.75 ms, found 0 plugins.
Preloading 0 native plugins for Editor in 0.00 ms.
Unloading 1189 Unused Serialized files (Serialized files now loaded: 0)
System memory in use before: 136.3 MB.
System memory in use after: 136.3 MB.

Unloading 6 unused Assets to reduce memory usage. Loaded Objects now: 1652.
Total: 2.357900 ms (FindLiveObjects: 0.332500 ms CreateObjectMapping: 0.084500 ms MarkObjects: 1.882700 ms  DeleteObjects: 0.056700 ms)

========================================================================
Received Import Request.
  Time since last request: 1823.597249 seconds.
  path: Assets/Prefab/Tile.prefab
  artifactKey: Guid(17bf4ef95ddbcb44598b316f72f5d190) Importer(815301076,1909f56bfc062723c751e8b465ee728b)
Start importing Assets/Prefab/Tile.prefab using Guid(17bf4ef95ddbcb44598b316f72f5d190) Importer(815301076,1909f56bfc062723c751e8b465ee728b)  -> (artifact id: '15a14d185550e6bc31c7dbcf4a227f5b') in 0.196252 seconds
  Import took 0.199779 seconds .

========================================================================
Received Import Request.
  Time since last request: 0.002125 seconds.
  path: Assets/Prefab/Tile.prefab
  artifactKey: Guid(17bf4ef95ddbcb44598b316f72f5d190) Importer(815301076,1909f56bfc062723c751e8b465ee728b)
Start importing Assets/Prefab/Tile.prefab using Guid(17bf4ef95ddbcb44598b316f72f5d190) Importer(815301076,1909f56bfc062723c751e8b465ee728b)  -> (artifact id: '15a14d185550e6bc31c7dbcf4a227f5b') in 0.015715 seconds
  Import took 0.018630 seconds .

========================================================================
Received Prepare
Registering precompiled user dll's ...
Registered in 0.002306 seconds.
Begin MonoManager ReloadAssembly
Native extension for WindowsStandalone target not found
Refreshing native plugins compatible for Editor in 0.41 ms, found 0 plugins.
Preloading 0 native plugins for Editor in 0.00 ms.
Mono: successfully reloaded assembly
- Completed reload, in  1.732 seconds
Platform modules already initialized, skipping
Refreshing native plugins compatible for Editor in 0.28 ms, found 0 plugins.
Preloading 0 native plugins for Editor in 0.00 ms.
Unloading 1189 Unused Serialized files (Serialized files now loaded: 0)
System memory in use before: 139.4 MB.
System memory in use after: 139.5 MB.

Unloading 7 unused Assets to reduce memory usage. Loaded Objects now: 1664.
Total: 3.048800 ms (FindLiveObjects: 0.214300 ms CreateObjectMapping: 0.067500 ms MarkObjects: 2.647000 ms  DeleteObjects: 0.118400 ms)

========================================================================
Received Prepare
Registering precompiled user dll's ...
Registered in 0.006028 seconds.
Begin MonoManager ReloadAssembly
Native extension for WindowsStandalone target not found
Refreshing native plugins compatible for Editor in 0.32 ms, found 0 plugins.
Preloading 0 native plugins for Editor in 0.00 ms.
Mono: successfully reloaded assembly
- Completed reload, in  1.543 seconds
Platform modules already initialized, skipping
Refreshing native plugins compatible for Editor in 0.64 ms, found 0 plugins.
Preloading 0 native plugins for Editor in 0.00 ms.
Unloading 1189 Unused Serialized files (Serialized files now loaded: 0)
System memory in use before: 139.4 MB.
System memory in use after: 139.5 MB.

Unloading 6 unused Assets to reduce memory usage. Loaded Objects now: 1667.
Total: 2.935400 ms (FindLiveObjects: 0.252100 ms CreateObjectMapping: 0.080700 ms MarkObjects: 2.520800 ms  DeleteObjects: 0.080000 ms)

AssetImportWorkerClient::OnTransportError - code=2 error=End of file
